

============================== 2022-12-12 07:15:05.065217 | 692ec1ae-8dd2-4e1d-bf2d-e50d0afc3f7a ==============================
[0m07:15:05.065223 [info ] [MainThread]: Running with dbt=1.3.0
[0m07:15:05.065410 [debug] [MainThread]: running dbt with arguments {'write_json': True, 'use_colors': True, 'printer_width': 80, 'version_check': True, 'partial_parse': True, 'static_parser': True, 'profiles_dir': '/Users/elevy/.dbt', 'send_anonymous_usage_stats': True, 'event_buffer_size': 100000, 'quiet': False, 'no_print': False, 'project_name': 'jaffle_shop', 'skip_profile_setup': False, 'which': 'init', 'indirect_selection': 'eager'}
[0m07:15:05.065472 [debug] [MainThread]: Tracking: tracking
[0m07:15:05.072405 [debug] [MainThread]: Sending event: {'category': 'dbt', 'action': 'invocation', 'label': 'start', 'context': [<snowplow_tracker.self_describing_json.SelfDescribingJson object at 0x107c32820>, <snowplow_tracker.self_describing_json.SelfDescribingJson object at 0x107c425e0>, <snowplow_tracker.self_describing_json.SelfDescribingJson object at 0x107c42b20>]}
[0m07:15:05.073730 [debug] [MainThread]: Starter project path: /opt/homebrew/Cellar/dbt-bigquery/1.3.0/libexec/lib/python3.9/site-packages/dbt/include/starter_project
[0m07:17:17.186777 [info ] [MainThread]: Profile jaffle_shop written to /Users/elevy/.dbt/profiles.yml using target's profile_template.yml and your supplied values. Run 'dbt debug' to validate the connection.
[0m07:17:17.187666 [info ] [MainThread]: 
Your new dbt project "jaffle_shop" was created!

For more information on how to configure the profiles.yml file,
please consult the dbt documentation here:

  https://docs.getdbt.com/docs/configure-your-profile

One more thing:

Need help? Don't hesitate to reach out to us via GitHub issues or on Slack:

  https://community.getdbt.com/

Happy modeling!

[0m07:17:17.188021 [debug] [MainThread]: Sending event: {'category': 'dbt', 'action': 'invocation', 'label': 'end', 'context': [<snowplow_tracker.self_describing_json.SelfDescribingJson object at 0x107c66040>, <snowplow_tracker.self_describing_json.SelfDescribingJson object at 0x113b40df0>, <snowplow_tracker.self_describing_json.SelfDescribingJson object at 0x113b406d0>]}
[0m07:17:17.188338 [debug] [MainThread]: Flushing usage events


============================== 2022-12-12 07:18:46.353999 | 8f10e35b-64d1-4f2d-bad5-f90bb043789d ==============================
[0m07:18:46.354004 [info ] [MainThread]: Running with dbt=1.3.0
[0m07:18:46.354174 [debug] [MainThread]: running dbt with arguments {'write_json': True, 'use_colors': True, 'printer_width': 80, 'version_check': True, 'partial_parse': True, 'static_parser': True, 'profiles_dir': '/Users/elevy/.dbt', 'send_anonymous_usage_stats': True, 'event_buffer_size': 100000, 'quiet': False, 'no_print': False, 'config_dir': False, 'which': 'debug', 'indirect_selection': 'eager'}
[0m07:18:46.354238 [debug] [MainThread]: Tracking: tracking
[0m07:18:46.360583 [debug] [MainThread]: Sending event: {'category': 'dbt', 'action': 'invocation', 'label': 'start', 'context': [<snowplow_tracker.self_describing_json.SelfDescribingJson object at 0x1069917f0>, <snowplow_tracker.self_describing_json.SelfDescribingJson object at 0x1069a1c40>, <snowplow_tracker.self_describing_json.SelfDescribingJson object at 0x1069a1d00>]}
[0m07:18:46.582504 [debug] [MainThread]: Executing "git --help"
[0m07:18:46.589700 [debug] [MainThread]: STDOUT: "b"usage: git [-v | --version] [-h | --help] [-C <path>] [-c <name>=<value>]\n           [--exec-path[=<path>]] [--html-path] [--man-path] [--info-path]\n           [-p | --paginate | -P | --no-pager] [--no-replace-objects] [--bare]\n           [--git-dir=<path>] [--work-tree=<path>] [--namespace=<name>]\n           [--super-prefix=<path>] [--config-env=<name>=<envvar>]\n           <command> [<args>]\n\nThese are common Git commands used in various situations:\n\nstart a working area (see also: git help tutorial)\n   clone     Clone a repository into a new directory\n   init      Create an empty Git repository or reinitialize an existing one\n\nwork on the current change (see also: git help everyday)\n   add       Add file contents to the index\n   mv        Move or rename a file, a directory, or a symlink\n   restore   Restore working tree files\n   rm        Remove files from the working tree and from the index\n\nexamine the history and state (see also: git help revisions)\n   bisect    Use binary search to find the commit that introduced a bug\n   diff      Show changes between commits, commit and working tree, etc\n   grep      Print lines matching a pattern\n   log       Show commit logs\n   show      Show various types of objects\n   status    Show the working tree status\n\ngrow, mark and tweak your common history\n   branch    List, create, or delete branches\n   commit    Record changes to the repository\n   merge     Join two or more development histories together\n   rebase    Reapply commits on top of another base tip\n   reset     Reset current HEAD to the specified state\n   switch    Switch branches\n   tag       Create, list, delete or verify a tag object signed with GPG\n\ncollaborate (see also: git help workflows)\n   fetch     Download objects and refs from another repository\n   pull      Fetch from and integrate with another repository or a local branch\n   push      Update remote refs along with associated objects\n\n'git help -a' and 'git help -g' list available subcommands and some\nconcept guides. See 'git help <command>' or 'git help <concept>'\nto read about a specific subcommand or concept.\nSee 'git help git' for an overview of the system.\n""
[0m07:18:46.590066 [debug] [MainThread]: STDERR: "b''"
[0m07:18:46.594190 [debug] [MainThread]: Acquiring new bigquery connection "debug"
[0m07:18:46.594792 [debug] [MainThread]: Opening a new connection, currently in state init
[0m07:18:46.596704 [debug] [MainThread]: On debug: select 1 as id
[0m07:18:47.701136 [debug] [MainThread]: BigQuery adapter: https://console.cloud.google.com/bigquery?project=dbt-tutorial-371406&j=bq:1c92ecaa-bce0-43df-b433-2ab5d3f8975c:US&page=queryresults
[0m07:18:47.702940 [debug] [MainThread]: Sending event: {'category': 'dbt', 'action': 'invocation', 'label': 'end', 'context': [<snowplow_tracker.self_describing_json.SelfDescribingJson object at 0x10848f850>, <snowplow_tracker.self_describing_json.SelfDescribingJson object at 0x1084c0100>, <snowplow_tracker.self_describing_json.SelfDescribingJson object at 0x1084c0be0>]}
[0m07:18:47.703682 [debug] [MainThread]: Flushing usage events
[0m07:18:48.093579 [debug] [MainThread]: Connection 'debug' was properly closed.


============================== 2022-12-12 07:22:01.974031 | 9016ed26-84e1-4786-a5b4-918332374654 ==============================
[0m07:22:01.974037 [info ] [MainThread]: Running with dbt=1.3.0
[0m07:22:01.974215 [debug] [MainThread]: running dbt with arguments {'write_json': True, 'use_colors': True, 'printer_width': 80, 'version_check': True, 'partial_parse': True, 'static_parser': True, 'profiles_dir': '/Users/elevy/.dbt', 'send_anonymous_usage_stats': True, 'event_buffer_size': 100000, 'quiet': False, 'no_print': False, 'config_dir': False, 'which': 'debug', 'indirect_selection': 'eager'}
[0m07:22:01.974279 [debug] [MainThread]: Tracking: tracking
[0m07:22:01.980064 [debug] [MainThread]: Sending event: {'category': 'dbt', 'action': 'invocation', 'label': 'start', 'context': [<snowplow_tracker.self_describing_json.SelfDescribingJson object at 0x108b376a0>, <snowplow_tracker.self_describing_json.SelfDescribingJson object at 0x108b46bb0>, <snowplow_tracker.self_describing_json.SelfDescribingJson object at 0x108b46610>]}
[0m07:22:02.204254 [debug] [MainThread]: Executing "git --help"
[0m07:22:02.211347 [debug] [MainThread]: STDOUT: "b"usage: git [-v | --version] [-h | --help] [-C <path>] [-c <name>=<value>]\n           [--exec-path[=<path>]] [--html-path] [--man-path] [--info-path]\n           [-p | --paginate | -P | --no-pager] [--no-replace-objects] [--bare]\n           [--git-dir=<path>] [--work-tree=<path>] [--namespace=<name>]\n           [--super-prefix=<path>] [--config-env=<name>=<envvar>]\n           <command> [<args>]\n\nThese are common Git commands used in various situations:\n\nstart a working area (see also: git help tutorial)\n   clone     Clone a repository into a new directory\n   init      Create an empty Git repository or reinitialize an existing one\n\nwork on the current change (see also: git help everyday)\n   add       Add file contents to the index\n   mv        Move or rename a file, a directory, or a symlink\n   restore   Restore working tree files\n   rm        Remove files from the working tree and from the index\n\nexamine the history and state (see also: git help revisions)\n   bisect    Use binary search to find the commit that introduced a bug\n   diff      Show changes between commits, commit and working tree, etc\n   grep      Print lines matching a pattern\n   log       Show commit logs\n   show      Show various types of objects\n   status    Show the working tree status\n\ngrow, mark and tweak your common history\n   branch    List, create, or delete branches\n   commit    Record changes to the repository\n   merge     Join two or more development histories together\n   rebase    Reapply commits on top of another base tip\n   reset     Reset current HEAD to the specified state\n   switch    Switch branches\n   tag       Create, list, delete or verify a tag object signed with GPG\n\ncollaborate (see also: git help workflows)\n   fetch     Download objects and refs from another repository\n   pull      Fetch from and integrate with another repository or a local branch\n   push      Update remote refs along with associated objects\n\n'git help -a' and 'git help -g' list available subcommands and some\nconcept guides. See 'git help <command>' or 'git help <concept>'\nto read about a specific subcommand or concept.\nSee 'git help git' for an overview of the system.\n""
[0m07:22:02.211700 [debug] [MainThread]: STDERR: "b''"
[0m07:22:02.214073 [debug] [MainThread]: Acquiring new bigquery connection "debug"
[0m07:22:02.214604 [debug] [MainThread]: Opening a new connection, currently in state init
[0m07:22:02.216425 [debug] [MainThread]: On debug: select 1 as id
[0m07:22:03.553659 [debug] [MainThread]: BigQuery adapter: https://console.cloud.google.com/bigquery?project=dbt-tutorial-371406&j=bq:c87eadd5-5d30-4302-bba3-b02f9c5dda02:US&page=queryresults
[0m07:22:03.555379 [debug] [MainThread]: Sending event: {'category': 'dbt', 'action': 'invocation', 'label': 'end', 'context': [<snowplow_tracker.self_describing_json.SelfDescribingJson object at 0x106668070>, <snowplow_tracker.self_describing_json.SelfDescribingJson object at 0x10a62d9d0>, <snowplow_tracker.self_describing_json.SelfDescribingJson object at 0x10a62d370>]}
[0m07:22:03.556083 [debug] [MainThread]: Flushing usage events
[0m07:22:03.938180 [debug] [MainThread]: Connection 'debug' was properly closed.


============================== 2022-12-12 07:27:40.977873 | d9a645e0-0396-4e1d-b5f5-e96e08409a38 ==============================
[0m07:27:40.977878 [info ] [MainThread]: Running with dbt=1.3.0
[0m07:27:40.978060 [debug] [MainThread]: running dbt with arguments {'write_json': True, 'use_colors': True, 'printer_width': 80, 'version_check': True, 'partial_parse': True, 'static_parser': True, 'profiles_dir': '/Users/elevy/.dbt', 'send_anonymous_usage_stats': True, 'event_buffer_size': 100000, 'quiet': False, 'no_print': False, 'config_dir': False, 'which': 'debug', 'indirect_selection': 'eager'}
[0m07:27:40.978126 [debug] [MainThread]: Tracking: tracking
[0m07:27:40.984412 [debug] [MainThread]: Sending event: {'category': 'dbt', 'action': 'invocation', 'label': 'start', 'context': [<snowplow_tracker.self_describing_json.SelfDescribingJson object at 0x105d769d0>, <snowplow_tracker.self_describing_json.SelfDescribingJson object at 0x105d767f0>, <snowplow_tracker.self_describing_json.SelfDescribingJson object at 0x105d76760>]}
[0m07:27:41.205490 [debug] [MainThread]: Executing "git --help"
[0m07:27:41.212896 [debug] [MainThread]: STDOUT: "b"usage: git [-v | --version] [-h | --help] [-C <path>] [-c <name>=<value>]\n           [--exec-path[=<path>]] [--html-path] [--man-path] [--info-path]\n           [-p | --paginate | -P | --no-pager] [--no-replace-objects] [--bare]\n           [--git-dir=<path>] [--work-tree=<path>] [--namespace=<name>]\n           [--super-prefix=<path>] [--config-env=<name>=<envvar>]\n           <command> [<args>]\n\nThese are common Git commands used in various situations:\n\nstart a working area (see also: git help tutorial)\n   clone     Clone a repository into a new directory\n   init      Create an empty Git repository or reinitialize an existing one\n\nwork on the current change (see also: git help everyday)\n   add       Add file contents to the index\n   mv        Move or rename a file, a directory, or a symlink\n   restore   Restore working tree files\n   rm        Remove files from the working tree and from the index\n\nexamine the history and state (see also: git help revisions)\n   bisect    Use binary search to find the commit that introduced a bug\n   diff      Show changes between commits, commit and working tree, etc\n   grep      Print lines matching a pattern\n   log       Show commit logs\n   show      Show various types of objects\n   status    Show the working tree status\n\ngrow, mark and tweak your common history\n   branch    List, create, or delete branches\n   commit    Record changes to the repository\n   merge     Join two or more development histories together\n   rebase    Reapply commits on top of another base tip\n   reset     Reset current HEAD to the specified state\n   switch    Switch branches\n   tag       Create, list, delete or verify a tag object signed with GPG\n\ncollaborate (see also: git help workflows)\n   fetch     Download objects and refs from another repository\n   pull      Fetch from and integrate with another repository or a local branch\n   push      Update remote refs along with associated objects\n\n'git help -a' and 'git help -g' list available subcommands and some\nconcept guides. See 'git help <command>' or 'git help <concept>'\nto read about a specific subcommand or concept.\nSee 'git help git' for an overview of the system.\n""
[0m07:27:41.213354 [debug] [MainThread]: STDERR: "b''"
[0m07:27:41.216026 [debug] [MainThread]: Acquiring new bigquery connection "debug"
[0m07:27:41.216569 [debug] [MainThread]: Opening a new connection, currently in state init
[0m07:27:41.218393 [debug] [MainThread]: On debug: select 1 as id
[0m07:27:42.459844 [debug] [MainThread]: BigQuery adapter: https://console.cloud.google.com/bigquery?project=dbt-tutorial-371406&j=bq:5beef0cb-5be3-423c-b1e5-5b66f29e7d23:US&page=queryresults
[0m07:27:42.461032 [debug] [MainThread]: Sending event: {'category': 'dbt', 'action': 'invocation', 'label': 'end', 'context': [<snowplow_tracker.self_describing_json.SelfDescribingJson object at 0x1078697c0>, <snowplow_tracker.self_describing_json.SelfDescribingJson object at 0x1078693d0>, <snowplow_tracker.self_describing_json.SelfDescribingJson object at 0x107869a30>]}
[0m07:27:42.461725 [debug] [MainThread]: Flushing usage events
[0m07:27:42.835272 [debug] [MainThread]: Connection 'debug' was properly closed.


============================== 2022-12-12 07:29:24.077975 | b2c63532-00cb-4772-867a-78a824ca636d ==============================
[0m07:29:24.077980 [info ] [MainThread]: Running with dbt=1.3.0
[0m07:29:24.078149 [debug] [MainThread]: running dbt with arguments {'write_json': True, 'use_colors': True, 'printer_width': 80, 'version_check': True, 'partial_parse': True, 'static_parser': True, 'profiles_dir': '/Users/elevy/.dbt', 'send_anonymous_usage_stats': True, 'event_buffer_size': 100000, 'quiet': False, 'no_print': False, 'config_dir': False, 'which': 'debug', 'indirect_selection': 'eager'}
[0m07:29:24.078215 [debug] [MainThread]: Tracking: tracking
[0m07:29:24.084345 [debug] [MainThread]: Sending event: {'category': 'dbt', 'action': 'invocation', 'label': 'start', 'context': [<snowplow_tracker.self_describing_json.SelfDescribingJson object at 0x1087519d0>, <snowplow_tracker.self_describing_json.SelfDescribingJson object at 0x108751e50>, <snowplow_tracker.self_describing_json.SelfDescribingJson object at 0x1087515b0>]}
[0m07:29:24.305382 [debug] [MainThread]: Executing "git --help"
[0m07:29:24.312792 [debug] [MainThread]: STDOUT: "b"usage: git [-v | --version] [-h | --help] [-C <path>] [-c <name>=<value>]\n           [--exec-path[=<path>]] [--html-path] [--man-path] [--info-path]\n           [-p | --paginate | -P | --no-pager] [--no-replace-objects] [--bare]\n           [--git-dir=<path>] [--work-tree=<path>] [--namespace=<name>]\n           [--super-prefix=<path>] [--config-env=<name>=<envvar>]\n           <command> [<args>]\n\nThese are common Git commands used in various situations:\n\nstart a working area (see also: git help tutorial)\n   clone     Clone a repository into a new directory\n   init      Create an empty Git repository or reinitialize an existing one\n\nwork on the current change (see also: git help everyday)\n   add       Add file contents to the index\n   mv        Move or rename a file, a directory, or a symlink\n   restore   Restore working tree files\n   rm        Remove files from the working tree and from the index\n\nexamine the history and state (see also: git help revisions)\n   bisect    Use binary search to find the commit that introduced a bug\n   diff      Show changes between commits, commit and working tree, etc\n   grep      Print lines matching a pattern\n   log       Show commit logs\n   show      Show various types of objects\n   status    Show the working tree status\n\ngrow, mark and tweak your common history\n   branch    List, create, or delete branches\n   commit    Record changes to the repository\n   merge     Join two or more development histories together\n   rebase    Reapply commits on top of another base tip\n   reset     Reset current HEAD to the specified state\n   switch    Switch branches\n   tag       Create, list, delete or verify a tag object signed with GPG\n\ncollaborate (see also: git help workflows)\n   fetch     Download objects and refs from another repository\n   pull      Fetch from and integrate with another repository or a local branch\n   push      Update remote refs along with associated objects\n\n'git help -a' and 'git help -g' list available subcommands and some\nconcept guides. See 'git help <command>' or 'git help <concept>'\nto read about a specific subcommand or concept.\nSee 'git help git' for an overview of the system.\n""
[0m07:29:24.313200 [debug] [MainThread]: STDERR: "b''"
[0m07:29:24.315808 [debug] [MainThread]: Acquiring new bigquery connection "debug"
[0m07:29:24.316459 [debug] [MainThread]: Opening a new connection, currently in state init
[0m07:29:24.318283 [debug] [MainThread]: On debug: select 1 as id
[0m07:29:25.721970 [debug] [MainThread]: BigQuery adapter: https://console.cloud.google.com/bigquery?project=dbt-tutorial-371406&j=bq:88f6affa-9f12-430a-a627-136ac4355e20:US&page=queryresults
[0m07:29:25.723587 [debug] [MainThread]: Sending event: {'category': 'dbt', 'action': 'invocation', 'label': 'end', 'context': [<snowplow_tracker.self_describing_json.SelfDescribingJson object at 0x10a2457c0>, <snowplow_tracker.self_describing_json.SelfDescribingJson object at 0x10a2453d0>, <snowplow_tracker.self_describing_json.SelfDescribingJson object at 0x10a245b50>]}
[0m07:29:25.724192 [debug] [MainThread]: Flushing usage events
[0m07:29:26.115911 [debug] [MainThread]: Connection 'debug' was properly closed.


============================== 2022-12-12 07:30:42.559922 | 0f23f7c7-61d2-40ba-aa61-e598d5ca36da ==============================
[0m07:30:42.559928 [info ] [MainThread]: Running with dbt=1.3.0
[0m07:30:42.560112 [debug] [MainThread]: running dbt with arguments {'write_json': True, 'use_colors': True, 'printer_width': 80, 'version_check': True, 'partial_parse': True, 'static_parser': True, 'profiles_dir': '/Users/elevy/.dbt', 'send_anonymous_usage_stats': True, 'event_buffer_size': 100000, 'quiet': False, 'no_print': False, 'config_dir': False, 'which': 'debug', 'indirect_selection': 'eager'}
[0m07:30:42.560176 [debug] [MainThread]: Tracking: tracking
[0m07:30:42.566938 [debug] [MainThread]: Sending event: {'category': 'dbt', 'action': 'invocation', 'label': 'start', 'context': [<snowplow_tracker.self_describing_json.SelfDescribingJson object at 0x104652b50>, <snowplow_tracker.self_describing_json.SelfDescribingJson object at 0x104662ca0>, <snowplow_tracker.self_describing_json.SelfDescribingJson object at 0x1046625e0>]}
[0m07:30:42.788240 [debug] [MainThread]: Executing "git --help"
[0m07:30:42.795239 [debug] [MainThread]: STDOUT: "b"usage: git [-v | --version] [-h | --help] [-C <path>] [-c <name>=<value>]\n           [--exec-path[=<path>]] [--html-path] [--man-path] [--info-path]\n           [-p | --paginate | -P | --no-pager] [--no-replace-objects] [--bare]\n           [--git-dir=<path>] [--work-tree=<path>] [--namespace=<name>]\n           [--super-prefix=<path>] [--config-env=<name>=<envvar>]\n           <command> [<args>]\n\nThese are common Git commands used in various situations:\n\nstart a working area (see also: git help tutorial)\n   clone     Clone a repository into a new directory\n   init      Create an empty Git repository or reinitialize an existing one\n\nwork on the current change (see also: git help everyday)\n   add       Add file contents to the index\n   mv        Move or rename a file, a directory, or a symlink\n   restore   Restore working tree files\n   rm        Remove files from the working tree and from the index\n\nexamine the history and state (see also: git help revisions)\n   bisect    Use binary search to find the commit that introduced a bug\n   diff      Show changes between commits, commit and working tree, etc\n   grep      Print lines matching a pattern\n   log       Show commit logs\n   show      Show various types of objects\n   status    Show the working tree status\n\ngrow, mark and tweak your common history\n   branch    List, create, or delete branches\n   commit    Record changes to the repository\n   merge     Join two or more development histories together\n   rebase    Reapply commits on top of another base tip\n   reset     Reset current HEAD to the specified state\n   switch    Switch branches\n   tag       Create, list, delete or verify a tag object signed with GPG\n\ncollaborate (see also: git help workflows)\n   fetch     Download objects and refs from another repository\n   pull      Fetch from and integrate with another repository or a local branch\n   push      Update remote refs along with associated objects\n\n'git help -a' and 'git help -g' list available subcommands and some\nconcept guides. See 'git help <command>' or 'git help <concept>'\nto read about a specific subcommand or concept.\nSee 'git help git' for an overview of the system.\n""
[0m07:30:42.795570 [debug] [MainThread]: STDERR: "b''"
[0m07:30:42.797959 [debug] [MainThread]: Acquiring new bigquery connection "debug"
[0m07:30:42.798445 [debug] [MainThread]: Opening a new connection, currently in state init
[0m07:30:42.800385 [debug] [MainThread]: On debug: select 1 as id
[0m07:30:44.160709 [debug] [MainThread]: BigQuery adapter: https://console.cloud.google.com/bigquery?project=dbt-tutorial-371406&j=bq:e87d3cc6-9f32-4bff-98db-2e32e4474ed3:US&page=queryresults
[0m07:30:44.162479 [debug] [MainThread]: Sending event: {'category': 'dbt', 'action': 'invocation', 'label': 'end', 'context': [<snowplow_tracker.self_describing_json.SelfDescribingJson object at 0x102179fa0>, <snowplow_tracker.self_describing_json.SelfDescribingJson object at 0x106142340>, <snowplow_tracker.self_describing_json.SelfDescribingJson object at 0x106142c10>]}
[0m07:30:44.163239 [debug] [MainThread]: Flushing usage events
[0m07:30:44.554921 [debug] [MainThread]: Connection 'debug' was properly closed.
